C51 COMPILER V9.00   KEYBOARD                                                              06/06/2016 10:57:54 PAGE 1   


C51 COMPILER V9.00, COMPILATION OF MODULE KEYBOARD
OBJECT MODULE PLACED IN keyboard.obj
COMPILER INVOKED BY: G:\keil\C51\BIN\C51.EXE source\keyboard.c BROWSE DEBUG OBJECTEXTEND PRINT(.\keyboard.lst) TABS(6) O
                    -BJECT(keyboard.obj)

line level    source

   1          #define  _KEY_BOARD_C
   2          #include "config.h"
   3          #include "keyboard.h"
   4          
   5          //#include "main.h"
   6          
   7          
   8          
   9          uint8 KeyScan()
  10          {    
  11   1          uint8 key_temp;
  12   1          uint8 key_num = NO_key;
  13   1          static uint8 key_status = key_state_0;         //按键状态
  14   1      
  15   1          //线反转法扫描键盘
  16   1          KeyPort = 0x0f;
  17   1          key_temp = KeyPort;
  18   1          KeyPort = 0xf0;
  19   1          key_temp |= KeyPort;
  20   1          KeyPort = 0xff;
  21   1      
  22   1          switch(key_status)
  23   1          {
  24   2              case key_state_0:                                    //状态零为初始状态
  25   2                  if(key_temp != 0xff)
  26   2                      key_status = key_state_1;
  27   2                  break;
  28   2              case key_state_1:                                   //状态一为按键按下状态
  29   2                  if(key_temp == 0xff)
  30   2                      key_status = key_state_0;             //若只是抖动，调回状态零
  31   2                  else
  32   2                  {
  33   3                      key_status = key_state_2;            //若确实按下，调到状态二
  34   3                      switch(key_temp)
  35   3                      {
  36   4                          case 0x7e:        //0111 1110
  37   4                              key_num = 'A';    
  38   4                              break;
  39   4                          case 0xbe:        //1011 1110
  40   4                              key_num = '3';    
  41   4                              break;
  42   4                          case 0xde:        //1101 1110
  43   4                              key_num = '2';    
  44   4                              break;
  45   4                          case 0x7d:        //0111 1101
  46   4                              key_num = 'B';     
  47   4                              break;
  48   4                          case 0xbd:        //1011 1101
  49   4                              key_num = '6';     
  50   4                              break;
  51   4                          case 0xdd:        //1101 1101
  52   4                              key_num = '5';      
  53   4                              break;
  54   4                          case 0x7b:        //0111 1011
C51 COMPILER V9.00   KEYBOARD                                                              06/06/2016 10:57:54 PAGE 2   

  55   4                              key_num = 'C';      
  56   4                              break;
  57   4                          case 0xbb:        //1011 1011
  58   4                              key_num = '9';       
  59   4                              break;
  60   4                          case 0xdb:        //1101 1011
  61   4                              key_num = '8';       
  62   4                              break;
  63   4                          case 0xb7:        //1011 0111
  64   4                              key_num = 'F';       
  65   4                              break;
  66   4                          case 0x77:        //0111 0111
  67   4                              key_num = 'D';                  //*
  68   4                              break;
  69   4                          case 0xd7:        //1101 0111
  70   4                              key_num = '0';                  //#
  71   4                              break;               
  72   4                          case 0xee:        //1110 1110
  73   4                              key_num = '1';                 //F1
  74   4                              break;
  75   4                          case 0xed:        //1110 1101
  76   4                              key_num = '4';                  //F2
  77   4                              break;
  78   4                          case 0xeb:        //1110 1011
  79   4                              key_num = '7';                  //F3
  80   4                              break;
  81   4                          case 0xe7:        //1110 0111
  82   4                              key_num = 'E';                  //F4
  83   4                              break;
  84   4                      }
  85   3                  }
  86   2                  break;
  87   2              case key_state_2:                                      //状态二表示确实有按键按下
  88   2                  if(key_temp == 0xff)
  89   2                      key_status = key_state_3;                //若检测到松手，调到状态三
  90   2                  break;
  91   2              case key_state_3:
  92   2                  if(key_temp == 0xff)
  93   2                      key_status = key_state_0;               //若判断确实松手后，调回初始状态零
  94   2                  else
  95   2                      key_status = key_state_2;              //若只是抖动并不是真的松手，调回状态二
  96   2                  break;
  97   2          }
  98   1          return key_num;
  99   1      }
 100          


MODULE INFORMATION:   STATIC OVERLAYABLE
   CODE SIZE        =    231    ----
   CONSTANT SIZE    =   ----    ----
   XDATA SIZE       =   ----    ----
   PDATA SIZE       =   ----    ----
   DATA SIZE        =      1       2
   IDATA SIZE       =   ----    ----
   BIT SIZE         =   ----    ----
END OF MODULE INFORMATION.


C51 COMPILATION COMPLETE.  0 WARNING(S),  0 ERROR(S)
