C51 COMPILER V9.00   MAIN                                                                  06/06/2016 10:57:54 PAGE 1   


C51 COMPILER V9.00, COMPILATION OF MODULE MAIN
OBJECT MODULE PLACED IN main.obj
COMPILER INVOKED BY: G:\keil\C51\BIN\C51.EXE source\main.c BROWSE DEBUG OBJECTEXTEND PRINT(.\main.lst) TABS(6) OBJECT(ma
                    -in.obj)

line level    source

   1          #define  _MAIN_C
   2          #include "config.h"
   3           #include "main.h"
   4          #include "Lcd1602.h"
   5          #include "Time.h"
   6          #include "keyboard.h"
   7          
   8          
   9          
  10          
  11          
  12          void main()
  13          {
  14   1            //P3=0xfe;
  15   1            
  16   1            TimerConfiguration(); //初始化定时器
  17   1            InitLcd1602();        //初始化LCD1602
  18   1            ledA=0;
  19   1            ledB=0;
  20   1            ledC=0; 
  21   1            /* LcdShowStr(1, 0, "wait for init");
  22   1             delay2s();
  23   1             LcdFullClear(); */
  24   1             LcdShowStr(1, 0, "welcome you");
  25   1             TR0 = 1;                                                  
  26   1            while(1)
  27   1            {
  28   2                        
  29   2                  
  30   2      
  31   2            //    
  32   2            }
  33   1            
  34   1      
  35   1      }
  36          void TimerConfiguration()
  37          {
  38   1          TMOD = 0x01; //选择工作方式1
  39   1          TH0 = 0xD8;      //10ms
  40   1          TL0 = 0xF0;
  41   1          EA = 1;              //打开总中断
  42   1          ET0 = 1;             //打开定时器0中断
  43   1          TR0 = 0;             //启动定时器0
  44   1      }
  45          void Timer0() interrupt 1
  46          {
  47   1             TH0 = 0xD8;
  48   1           TL0 = 0xF0;
  49   1           //if(error_cnt<3)
  50   1            //{
  51   1            
  52   1             KeyScan();         //按键扫描    10ms扫描一次
  53   1             KeyAction();       //按键动作函数
  54   1             
C51 COMPILER V9.00   MAIN                                                                  06/06/2016 10:57:54 PAGE 2   

  55   1             
  56   1                  
  57   1            
  58   1             
  59   1      }


MODULE INFORMATION:   STATIC OVERLAYABLE
   CODE SIZE        =    113    ----
   CONSTANT SIZE    =     12    ----
   XDATA SIZE       =   ----    ----
   PDATA SIZE       =   ----    ----
   DATA SIZE        =   ----    ----
   IDATA SIZE       =   ----    ----
   BIT SIZE         =   ----    ----
END OF MODULE INFORMATION.


C51 COMPILATION COMPLETE.  0 WARNING(S),  0 ERROR(S)
