C51 COMPILER V9.00   PRO                                                                   05/26/2016 08:51:12 PAGE 1   


C51 COMPILER V9.00, COMPILATION OF MODULE PRO
OBJECT MODULE PLACED IN pro.OBJ
COMPILER INVOKED BY: G:\keil\C51\BIN\C51.EXE pro.c BROWSE DEBUG OBJECTEXTEND TABS(6)

line level    source

   1          #include<reg51.h>
   2          #include<intrins.h>
   3          void delay(unsigned int a);
   4          unsigned char temp;
   5          
   6          sbit beep=P1^5;
   7          void main()
   8          {  
   9   1            unsigned int b,c;
  10   1            temp=0x01;
  11   1            P3=temp;
  12   1            beep=0;
  13   1            while(1)
  14   1            {for(b=1;b<8;b++)
  15   2                  {
  16   3                        temp=_crol_(temp,1);
  17   3                        delay(500);
  18   3                        P3=temp;
  19   3                  }
  20   2            for(c=1;c<8;c++)
  21   2                  {
  22   3                        temp=_cror_(temp,1);
  23   3                        delay(500);
  24   3                        P3=temp;    
  25   3                  }
  26   2            }
  27   1      }
  28          void delay(unsigned int a)
  29          {     unsigned int x,y;
  30   1            for(x=100;x>0;x--)
  31   1                  for(y=a;y>0;y--);
  32   1      } 


MODULE INFORMATION:   STATIC OVERLAYABLE
   CODE SIZE        =    132    ----
   CONSTANT SIZE    =   ----    ----
   XDATA SIZE       =   ----    ----
   PDATA SIZE       =   ----    ----
   DATA SIZE        =      1       4
   IDATA SIZE       =   ----    ----
   BIT SIZE         =   ----    ----
END OF MODULE INFORMATION.


C51 COMPILATION COMPLETE.  0 WARNING(S),  0 ERROR(S)
