C51 COMPILER V9.00   TIME                                                                  06/06/2016 10:57:54 PAGE 1   


C51 COMPILER V9.00, COMPILATION OF MODULE TIME
OBJECT MODULE PLACED IN Time.obj
COMPILER INVOKED BY: G:\keil\C51\BIN\C51.EXE source\Time.c BROWSE DEBUG OBJECTEXTEND PRINT(.\Time.lst) TABS(6) OBJECT(Ti
                    -me.obj)

line level    source

   1          #define  _TIME_C
   2          #include "config.h"
   3          #include "keyboard.h"
   4          #include "Time.h"
   5          #include "main.h"
   6          #include "Lcd1602.h"
   7          //uint8 hello[]={'w','e','l','c','o','m','e',' ','t','o',' ', 'y','o','u'} ;
   8          //uint8 inputmean[]=" please input ";
   9          int32 num1 = 0,result,sale_sum;
  10          uint8 len = 0;
  11          uint8 str[12]; 
  12          
  13          uint32 sum,type_A,type_B,type_C,type_A1,type_B1,type_C1;
  14          //uint8 dian_qu;
  15          void delay2s(void)   //误差 0us
  16          {
  17   1          unsigned char a,b,c;
  18   1          for(c=127;c>0;c--)
  19   1              for(b=235;b>0;b--)
  20   1                  for(a=32;a>0;a--);
  21   1          _nop_();  //if Keil,require use intrins.h
  22   1      }
  23           void dianji()
  24          {
  25   1            
  26   1                   if(type_A1!=0)
  27   1                  {
  28   2                  
  29   2                        ledA=1;
  30   2                        delay2s();
  31   2                        ledA=0;     
  32   2                                 
  33   2                  }
  34   1                  if(type_B1!=0)
  35   1                  {
  36   2                  
  37   2                        ledB=1;
  38   2                        delay2s();
  39   2                        ledB=0;     
  40   2                                 
  41   2                  }
  42   1                  if(type_C1!=0)
  43   1                  {
  44   2                  
  45   2                        ledC=1;
  46   2                        delay2s();
  47   2                        ledC=0;     
  48   2                                 
  49   2                  }
  50   1      
  51   1      
  52   1      
  53   1            
  54   1            
C51 COMPILER V9.00   TIME                                                                  06/06/2016 10:57:54 PAGE 2   

  55   1      }
  56          uint8 LongToString(uint8 *str, int32 dat)
  57          {
  58   1            int8 i = 0;
  59   1            uint8 len = 0;
  60   1            uint8 buf[12];
  61   1      
  62   1            if(dat < 0)
  63   1            {
  64   2                  dat = -dat;
  65   2                  *str++ = '-';
  66   2                  len++;
  67   2            }
  68   1            do{
  69   2                  buf[i++] = dat % 10;
  70   2                  dat /= 10;
  71   2                  }while(dat > 0);
  72   1            len += i;
  73   1            while(i-- > 0)
  74   1            {
  75   2                  *str++ = buf[i] + '0';
  76   2            }
  77   1            *str = '\0';
  78   1      
  79   1            return len;
  80   1                  
  81   1      } 
  82          void guanli()
  83          {
  84   1            LcdFullClear();
  85   1            
  86   1            sale_sum=type_A*2+type_B*4+type_C*5;
  87   1            LcdShowStr(0, 0, "nA");
  88   1            len = LongToString(str, type_A);
  89   1            LcdShowStr(3, 0, str);
  90   1            LcdShowStr(8, 0, "nB");
  91   1            len = LongToString(str, type_B);
  92   1            LcdShowStr(11, 0, str);
  93   1            LcdShowStr(0, 1, "nC");
  94   1            len = LongToString(str, type_C);
  95   1            LcdShowStr(3, 1, str);
  96   1            LcdShowStr(8, 1, "summ");
  97   1            len = LongToString(str, sale_sum);
  98   1            LcdShowStr(12, 1, str); 
  99   1      }
 100          void jiesuan()
 101          {
 102   1            if(num1<sum)
 103   1            {
 104   2                  LcdShowStr(1, 0, "the money less"); 
 105   2                  LcdShowStr(1, 1, "plea input more ");     
 106   2                  num1=0;
 107   2                  
 108   2            }
 109   1            else if(num1==sum)
 110   1            {
 111   2                  LcdFullClear();
 112   2                  LcdShowStr(1, 0, "take goods");
 113   2                  LcdShowStr(1, 1, "thanks");
 114   2                  num1=0;
 115   2                  sum=0;
 116   2                  delay2s();
C51 COMPILER V9.00   TIME                                                                  06/06/2016 10:57:54 PAGE 3   

 117   2                  LcdFullClear();
 118   2                   LcdShowStr(1, 0, "move wait"); 
 119   2                              
 120   2                  dianji();
 121   2                    LcdFullClear();
 122   2                    LcdShowStr(1, 0, "thank you");
 123   2      
 124   2                    
 125   2      
 126   2                  
 127   2                  type_A=type_A+type_A1;
 128   2                  type_B=type_B+type_B1;
 129   2                  type_C=type_C+type_C1;
 130   2                  type_A1=0;
 131   2                  type_B1=0;
 132   2                  type_C1=0;
 133   2      
 134   2                  delay2s();
 135   2                  LcdFullClear();
 136   2                    LcdShowStr(1, 0, "welcome you");
 137   2      
 138   2                  
 139   2      
 140   2            }
 141   1            else if(num1>sum)
 142   1            {     
 143   2                  LcdFullClear();
 144   2                  LcdShowStr(1, 0, "charge you RMB");
 145   2                  result=num1-sum;
 146   2                  len = LongToString(str, result);
 147   2                  LcdShowStr(len, 1, str); 
 148   2                  LcdShowStr(6, 1, "thanks");
 149   2                  sum=0;
 150   2                  num1=0;
 151   2                  delay2s();
 152   2                  LcdFullClear();
 153   2                   LcdShowStr(1, 0, "move wait");
 154   2                  dianji();
 155   2                  LcdFullClear();
 156   2                    LcdShowStr(1, 0, "thank you");
 157   2                  type_A=type_A+type_A1;
 158   2                  type_B=type_B+type_B1;
 159   2                  type_C=type_C+type_C1;
 160   2                  type_A1=0;
 161   2                  type_B1=0;
 162   2                  type_C1=0;
 163   2      
 164   2                  delay2s();
 165   2                  LcdFullClear();
 166   2                    LcdShowStr(1, 0, "welcome you");
 167   2            /*    LcdFullClear();
 168   2                  LcdShowStr(1, 0, "take goods"); 
 169   2                  LcdShowStr(1, 0, "thanks"); */
 170   2                  
 171   2            }
 172   1      }   
 173          void moneyinput(uint8 n)
 174          {
 175   1            //len = LongToString(str, n);
 176   1            num1 = num1*10 + n;
 177   1            len = LongToString(str, num1);
 178   1            LcdShowStr(16 - len, 1, str);
C51 COMPILER V9.00   TIME                                                                  06/06/2016 10:57:54 PAGE 4   

 179   1            
 180   1      }
 181          /*void welcome()
 182          {
 183                LcdShowStr(0, 0, "welcome to you");
 184                LcdShowStr(0, 1, " please input ");
 185          /*    uint16 i,j;
 186                for(i=0;i<14;i++)
 187                {
 188                      str[i]=hello[i];  
 189                }
 190                LcdShowStr(0, 0, str);
 191                for(j=0;j<15;j++)
 192                {
 193                      str[j]=inputmean[j];    
 194                }
 195                LcdShowStr(0, 1, str);   */
 196          /*    str[1]='0';
 197                str[2] = (TIME[6] >> 4) + '0';
 198                str[3] = (TIME[6] & 0x0F) + '0';
 199                str[4] = '-';
 200                str[5] = (TIME[4] >> 4) + '0';
 201                str[6] = (TIME[4] & 0x0F) + '0';
 202                str[7] = '-';
 203                str[8] = (TIME[3] >> 4) + '0';
 204                str[9] = (TIME[3] & 0x0F) + '0';
 205                str[10] = '\0';   */
 206                
 207          //} 
 208          void KeyAction()
 209          {
 210   1            uint8 keycode;
 211   1            keycode=KeyScan();
 212   1            switch(keycode)
 213   1            {
 214   2                  case 'A':
 215   2                  {
 216   3                        LcdFullClear();
 217   3                        LcdShowStr(1, 0, "num rice");
 218   3                        LcdShowStr(1, 1, "price  2yuan");
 219   3                        sum=sum+2;
 220   3                  
 221   3                        type_A1++;
 222   3                        len = LongToString(str, type_A1);
 223   3                        LcdShowStr(11+len, 0, str);
 224   3                  }
 225   2                  break;
 226   2                  case 'B':
 227   2                  {
 228   3                        LcdFullClear();
 229   3                        LcdShowStr(1, 0, "num  veg1");
 230   3                        LcdShowStr(1, 1, "price  4yuan");
 231   3                        sum=sum+4;
 232   3                        
 233   3                        type_B1++;
 234   3                        len = LongToString(str, type_B1);
 235   3                        LcdShowStr(11+len, 0, str);
 236   3                  }
 237   2                  break;  
 238   2                  case 'C':
 239   2                  {
 240   3                        LcdFullClear();
C51 COMPILER V9.00   TIME                                                                  06/06/2016 10:57:54 PAGE 5   

 241   3                        LcdShowStr(1, 0, "num  veg2");
 242   3                        LcdShowStr(1, 1, "price  5yuan");
 243   3                        sum=sum+5;
 244   3                        
 245   3                        type_C1++;
 246   3                        len = LongToString(str, type_C1);
 247   3                        LcdShowStr(11+len, 0, str);
 248   3                  }
 249   2                  break;
 250   2      
 251   2      
 252   2            }
 253   1            if  ((keycode>='0') && (keycode<='9') && sum!=0)
 254   1            {
 255   2                  LcdFullClear();
 256   2             
 257   2                  moneyinput(keycode-'0');
 258   2            }
 259   1            else if (keycode == 'D')  //确定键
 260   1           {
 261   2             
 262   2             if(sum!=0 && num1==0)
 263   2             {            
 264   3                  LcdFullClear();
 265   3                  LcdShowStr(1, 0, "input money");
 266   3             }
 267   2             
 268   2             else if(num1!=0)
 269   2             {
 270   3                  LcdFullClear();
 271   3                  LcdShowStr(1, 0, "wait for acc");    
 272   3                  jiesuan();
 273   3             }
 274   2            
 275   2             else if(num1==0 && sum==0)
 276   2             {
 277   3                  //sum=0;
 278   3                  LcdFullClear();
 279   3                  LcdShowStr(1, 0, "wlcome you");
 280   3                         
 281   3                  
 282   3             } 
 283   2      
 284   2            // jiesuan();
 285   2           }
 286   1           else if (keycode == 'E')  //    管理员模式
 287   1           {
 288   2                  guanli();   
 289   2           }
 290   1           else if (keycode == 'F')  //    复位模式
 291   1           {
 292   2                  LcdFullClear();
 293   2                  LcdShowStr(1, 0, "wlcome you");
 294   2      
 295   2                  sum=0;
 296   2                  num1=0;
 297   2                  type_A1=0;
 298   2                  type_B1=0;
 299   2                  type_C1=0;        
 300   2           }
 301   1             
 302   1         /* if  ((keycode=='1') && (keycode=='2') && (keycode=='3'))  //本例中不响应字符键
C51 COMPILER V9.00   TIME                                                                  06/06/2016 10:57:54 PAGE 6   

 303   1          {
 304   1            //    num1 = num1*10 + (keycode-'0');
 305   1                  //len = LongToString(str, num1);
 306   1            //    LcdShowStr(16 - len, 1, str);
 307   1            
 308   1      /*    if(numscan==0)
 309   1            {
 310   1                  //keyact=1;//欢迎界面消失
 311   1                  LcdShowStr(1, 0, "input passward 3");
 312   1                  mimaku[cou]=DIG_CODE[keycode-'0'];
 313   1                  
 314   1                  LcdShowStr(15 - cou, 1, "*");
 315   1                  cou++;
 316   1                        if(cou==8)
 317   1                        {
 318   1                               cou=0;
 319   1                               temp=0;
 320   1                              for(in=0;in<=7;in++)
 321   1                              {
 322   1                                    if(mima[in]!=mimaku[in])
 323   1                                    {temp=1; break;}
 324   1                              }
 325   1                              if(temp==1) 
 326   1                              {
 327   1                              //    P2=0x01;
 328   1                                    LcdFullClear();
 329   1                                    LcdShowStr(1, 0, "input again 2");
 330   1                                    error_cnt++;
 331   1                                    if(error_cnt==2)
 332   1                                    {
 333   1                                          LcdFullClear();
 334   1                                          LcdShowStr(1, 0, "input again 1");
 335   1                                          
 336   1                                    }
 337   1                                    else if(error_cnt==3)
 338   1                                    {
 339   1                                          numscan=1;
 340   1                                          LcdFullClear();
 341   1                                          LcdShowStr(1, 0, "no chance");
 342   1                                          
 343   1                                    }
 344   1                              //    LcdFullClear();
 345   1                                    
 346   1                                    //cou=0;
 347   1      
 348   1                              /*    LED2=0;
 349   1                                    Delay10ms(2);
 350   1                                    LED2=1;
 351   1                                    Delay10ms(2);
 352   1                                    LED2=0;
 353   1                                    Delay10ms(2);
 354   1                                    LED2=1; */
 355   1            /*                }
 356   1                              else  */
 357   1                              /*    LED2=0;
 358   1                                    Delay10ms(10);
 359   1                                    LED2=1; */
 360   1                                    //P2=0x02;
 361   1                              //    
 362   1                        /*    {   
 363   1                               LcdFullClear();
 364   1                               LcdShowStr(1, 0, "ok");
C51 COMPILER V9.00   TIME                                                                  06/06/2016 10:57:54 PAGE 7   

 365   1                              //cou=0;
 366   1                              }
 367   1                              
 368   1                        } 
 369   1            }  */
 370   1                  
 371   1                        
 372   1                  
 373   1                         
 374   1                  
 375   1      
 376   1                        
 377   1         // }
 378   1         /* else if (keycode == 'A')  //向上键，递增当前设置位的值
 379   1          {
 380   1            //IncSetTime();
 381   1          }
 382   1          else if (keycode == 'B')  //向下键，递减当前设置位的值
 383   1          {
 384   1             // DecSetTime();
 385   1          }
 386   1          else if (keycode == 'F')  //向左键，向左切换设置位
 387   1          {
 388   1              //LeftShiftTimeSet();
 389   1          }
 390   1          else if (keycode == 'D')  //向右键，向右切换设置位
 391   1          {
 392   1             // RightShiftTimeSet();
 393   1          }
 394   1          else if (keycode =='E')  //回车键，进入设置模式/启用当前设置值
 395   1          {
 396   1             /* if (setIndex == 0)  //不处于设置状态时，进入设置状态
 397   1              {
 398   1                  EnterTimeSet();
 399   1              }
 400   1              else                //已处于设置状态时，保存时间并退出设置状态
 401   1              {
 402   1                  ExitTimeSet(1);
 403   1              } */
 404   1          //}      
 405   1          /*else if (keycode == 'C')  //Esc键，取消当前设置
 406   1          {
 407   1             // ExitTimeSet(0);
 408   1          }  */
 409   1      }


MODULE INFORMATION:   STATIC OVERLAYABLE
   CODE SIZE        =   1599    ----
   CONSTANT SIZE    =    215    ----
   XDATA SIZE       =   ----    ----
   PDATA SIZE       =   ----    ----
   DATA SIZE        =     53      23
   IDATA SIZE       =   ----    ----
   BIT SIZE         =   ----    ----
END OF MODULE INFORMATION.


C51 COMPILATION COMPLETE.  0 WARNING(S),  0 ERROR(S)
